02-Oct-2020 17:20:04.277 SEVERE [main] org.apache.catalina.startup.Catalina.stopServer Could not contact [localhost:8005] (base port [8005] and offset [0]). Tomcat may not be running.
02-Oct-2020 17:24:00.109 SEVERE [main] org.apache.catalina.startup.Catalina.stopServer Could not contact [localhost:8005] (base port [8005] and offset [0]). Tomcat may not be running.
02-Oct-2020 17:24:04.648 INFO [main] org.apache.catalina.startup.VersionLoggerListener.log Server version name:   Apache Tomcat/9.0.38
02-Oct-2020 17:24:04.652 INFO [main] org.apache.catalina.startup.VersionLoggerListener.log Server built:          Sep 10 2020 08:20:30 UTC
02-Oct-2020 17:24:04.652 INFO [main] org.apache.catalina.startup.VersionLoggerListener.log Server version number: 9.0.38.0
02-Oct-2020 17:24:04.652 INFO [main] org.apache.catalina.startup.VersionLoggerListener.log OS Name:               Windows 10
02-Oct-2020 17:24:04.652 INFO [main] org.apache.catalina.startup.VersionLoggerListener.log OS Version:            10.0
02-Oct-2020 17:24:04.652 INFO [main] org.apache.catalina.startup.VersionLoggerListener.log Architecture:          amd64
02-Oct-2020 17:24:04.653 INFO [main] org.apache.catalina.startup.VersionLoggerListener.log Java Home:             C:\Program Files\Java\jdk-10.0.2
02-Oct-2020 17:24:04.653 INFO [main] org.apache.catalina.startup.VersionLoggerListener.log JVM Version:           10.0.2+13
02-Oct-2020 17:24:04.653 INFO [main] org.apache.catalina.startup.VersionLoggerListener.log JVM Vendor:            "Oracle Corporation"
02-Oct-2020 17:24:04.653 INFO [main] org.apache.catalina.startup.VersionLoggerListener.log CATALINA_BASE:         D:\eclipse-workspace\myProject\tomcat
02-Oct-2020 17:24:04.653 INFO [main] org.apache.catalina.startup.VersionLoggerListener.log CATALINA_HOME:         D:\eclipse-workspace\myProject\tomcat
02-Oct-2020 17:24:04.671 INFO [main] org.apache.catalina.startup.VersionLoggerListener.log Command line argument: --add-opens=java.base/java.lang=ALL-UNNAMED
02-Oct-2020 17:24:04.671 INFO [main] org.apache.catalina.startup.VersionLoggerListener.log Command line argument: --add-opens=java.base/java.io=ALL-UNNAMED
02-Oct-2020 17:24:04.671 INFO [main] org.apache.catalina.startup.VersionLoggerListener.log Command line argument: --add-opens=java.rmi/sun.rmi.transport=ALL-UNNAMED
02-Oct-2020 17:24:04.672 INFO [main] org.apache.catalina.startup.VersionLoggerListener.log Command line argument: -Djava.util.logging.config.file=D:\eclipse-workspace\myProject\tomcat\conf\logging.properties
02-Oct-2020 17:24:04.672 INFO [main] org.apache.catalina.startup.VersionLoggerListener.log Command line argument: -Djava.util.logging.manager=org.apache.juli.ClassLoaderLogManager
02-Oct-2020 17:24:04.673 INFO [main] org.apache.catalina.startup.VersionLoggerListener.log Command line argument: -Djdk.tls.ephemeralDHKeySize=2048
02-Oct-2020 17:24:04.673 INFO [main] org.apache.catalina.startup.VersionLoggerListener.log Command line argument: -Djava.protocol.handler.pkgs=org.apache.catalina.webresources
02-Oct-2020 17:24:04.674 INFO [main] org.apache.catalina.startup.VersionLoggerListener.log Command line argument: -Dignore.endorsed.dirs=
02-Oct-2020 17:24:04.676 INFO [main] org.apache.catalina.startup.VersionLoggerListener.log Command line argument: -Dcatalina.base=D:\eclipse-workspace\myProject\tomcat
02-Oct-2020 17:24:04.677 INFO [main] org.apache.catalina.startup.VersionLoggerListener.log Command line argument: -Dcatalina.home=D:\eclipse-workspace\myProject\tomcat
02-Oct-2020 17:24:04.677 INFO [main] org.apache.catalina.startup.VersionLoggerListener.log Command line argument: -Djava.io.tmpdir=D:\eclipse-workspace\myProject\tomcat\temp
02-Oct-2020 17:24:04.687 INFO [main] org.apache.catalina.core.AprLifecycleListener.lifecycleEvent The Apache Tomcat Native library which allows using OpenSSL was not found on the java.library.path: [C:\Program Files\Java\jdk-10.0.2\bin;C:\WINDOWS\Sun\Java\bin;C:\WINDOWS\system32;C:\WINDOWS;C:\Program Files (x86)\Common Files\Oracle\Java\javapath;C:\ProgramData\Oracle\Java\javapath;C:\WINDOWS\system32;C:\WINDOWS;C:\WINDOWS\System32\Wbem;C:\WINDOWS\System32\WindowsPowerShell\v1.0\;C:\WINDOWS\System32\OpenSSH\;C:\Program Files (x86)\NVIDIA Corporation\PhysX\Common;C:\Program Files\Git\cmd;C:\WINDOWS\system32;C:\WINDOWS;C:\WINDOWS\System32\Wbem;C:\WINDOWS\System32\WindowsPowerShell\v1.0\;C:\WINDOWS\System32\OpenSSH\;C:\Program Files\NVIDIA Corporation\NVIDIA NvDLISR;C:\Program Files\dotnet\;C:\Program Files\MySQL\MySQL Shell 8.0\bin\;C:\Users\noahm\AppData\Local\Microsoft\WindowsApps;C:\Users\noahm\AppData\Local\GitHubDesktop\bin;.]
02-Oct-2020 17:24:05.312 INFO [main] org.apache.coyote.AbstractProtocol.init Initializing ProtocolHandler ["http-nio-8080"]
02-Oct-2020 17:24:05.611 INFO [main] org.apache.catalina.startup.Catalina.load Server initialization in [1210] milliseconds
02-Oct-2020 17:24:05.751 INFO [main] org.apache.catalina.core.StandardService.startInternal Starting service [Catalina]
02-Oct-2020 17:24:05.751 INFO [main] org.apache.catalina.core.StandardEngine.startInternal Starting Servlet engine: [Apache Tomcat/9.0.38]
02-Oct-2020 17:24:05.768 INFO [main] org.apache.catalina.startup.HostConfig.deployDirectory Deploying web application directory [D:\eclipse-workspace\myProject\tomcat\webapps\docs]
02-Oct-2020 17:24:06.230 INFO [main] org.apache.catalina.startup.HostConfig.deployDirectory Deployment of web application directory [D:\eclipse-workspace\myProject\tomcat\webapps\docs] has finished in [460] ms
02-Oct-2020 17:24:06.230 INFO [main] org.apache.catalina.startup.HostConfig.deployDirectory Deploying web application directory [D:\eclipse-workspace\myProject\tomcat\webapps\examples]
02-Oct-2020 17:24:07.252 INFO [main] org.apache.catalina.startup.HostConfig.deployDirectory Deployment of web application directory [D:\eclipse-workspace\myProject\tomcat\webapps\examples] has finished in [1,021] ms
02-Oct-2020 17:24:07.252 INFO [main] org.apache.catalina.startup.HostConfig.deployDirectory Deploying web application directory [D:\eclipse-workspace\myProject\tomcat\webapps\hello]
02-Oct-2020 17:24:07.336 INFO [main] org.apache.catalina.startup.HostConfig.deployDirectory Deployment of web application directory [D:\eclipse-workspace\myProject\tomcat\webapps\hello] has finished in [83] ms
02-Oct-2020 17:24:07.336 INFO [main] org.apache.catalina.startup.HostConfig.deployDirectory Deploying web application directory [D:\eclipse-workspace\myProject\tomcat\webapps\host-manager]
02-Oct-2020 17:24:07.422 INFO [main] org.apache.catalina.startup.HostConfig.deployDirectory Deployment of web application directory [D:\eclipse-workspace\myProject\tomcat\webapps\host-manager] has finished in [86] ms
02-Oct-2020 17:24:07.422 INFO [main] org.apache.catalina.startup.HostConfig.deployDirectory Deploying web application directory [D:\eclipse-workspace\myProject\tomcat\webapps\manager]
02-Oct-2020 17:24:07.470 INFO [main] org.apache.catalina.startup.HostConfig.deployDirectory Deployment of web application directory [D:\eclipse-workspace\myProject\tomcat\webapps\manager] has finished in [48] ms
02-Oct-2020 17:24:07.470 INFO [main] org.apache.catalina.startup.HostConfig.deployDirectory Deploying web application directory [D:\eclipse-workspace\myProject\tomcat\webapps\ROOT]
02-Oct-2020 17:24:07.507 INFO [main] org.apache.catalina.startup.HostConfig.deployDirectory Deployment of web application directory [D:\eclipse-workspace\myProject\tomcat\webapps\ROOT] has finished in [37] ms
02-Oct-2020 17:24:07.512 INFO [main] org.apache.coyote.AbstractProtocol.start Starting ProtocolHandler ["http-nio-8080"]
02-Oct-2020 17:24:07.526 INFO [main] org.apache.catalina.startup.Catalina.start Server startup in [1908] milliseconds
02-Oct-2020 17:24:28.613 SEVERE [main] org.apache.catalina.startup.Catalina.stopServer Could not contact [localhost:8005] (base port [8005] and offset [0]). Tomcat may not be running.
02-Oct-2020 18:03:30.757 INFO [main] org.apache.catalina.startup.VersionLoggerListener.log Server version name:   Apache Tomcat/9.0.38
02-Oct-2020 18:03:30.760 INFO [main] org.apache.catalina.startup.VersionLoggerListener.log Server built:          Sep 10 2020 08:20:30 UTC
02-Oct-2020 18:03:30.761 INFO [main] org.apache.catalina.startup.VersionLoggerListener.log Server version number: 9.0.38.0
02-Oct-2020 18:03:30.761 INFO [main] org.apache.catalina.startup.VersionLoggerListener.log OS Name:               Windows 10
02-Oct-2020 18:03:30.761 INFO [main] org.apache.catalina.startup.VersionLoggerListener.log OS Version:            10.0
02-Oct-2020 18:03:30.761 INFO [main] org.apache.catalina.startup.VersionLoggerListener.log Architecture:          amd64
02-Oct-2020 18:03:30.761 INFO [main] org.apache.catalina.startup.VersionLoggerListener.log Java Home:             C:\Program Files\Java\jdk-10.0.2
02-Oct-2020 18:03:30.761 INFO [main] org.apache.catalina.startup.VersionLoggerListener.log JVM Version:           10.0.2+13
02-Oct-2020 18:03:30.762 INFO [main] org.apache.catalina.startup.VersionLoggerListener.log JVM Vendor:            "Oracle Corporation"
02-Oct-2020 18:03:30.762 INFO [main] org.apache.catalina.startup.VersionLoggerListener.log CATALINA_BASE:         D:\eclipse-workspace\myProject\tomcat
02-Oct-2020 18:03:30.762 INFO [main] org.apache.catalina.startup.VersionLoggerListener.log CATALINA_HOME:         D:\eclipse-workspace\myProject\tomcat
02-Oct-2020 18:03:30.788 INFO [main] org.apache.catalina.startup.VersionLoggerListener.log Command line argument: --add-opens=java.base/java.lang=ALL-UNNAMED
02-Oct-2020 18:03:30.788 INFO [main] org.apache.catalina.startup.VersionLoggerListener.log Command line argument: --add-opens=java.base/java.io=ALL-UNNAMED
02-Oct-2020 18:03:30.788 INFO [main] org.apache.catalina.startup.VersionLoggerListener.log Command line argument: --add-opens=java.rmi/sun.rmi.transport=ALL-UNNAMED
02-Oct-2020 18:03:30.789 INFO [main] org.apache.catalina.startup.VersionLoggerListener.log Command line argument: -Djava.util.logging.config.file=D:\eclipse-workspace\myProject\tomcat\conf\logging.properties
02-Oct-2020 18:03:30.789 INFO [main] org.apache.catalina.startup.VersionLoggerListener.log Command line argument: -Djava.util.logging.manager=org.apache.juli.ClassLoaderLogManager
02-Oct-2020 18:03:30.789 INFO [main] org.apache.catalina.startup.VersionLoggerListener.log Command line argument: -Djdk.tls.ephemeralDHKeySize=2048
02-Oct-2020 18:03:30.790 INFO [main] org.apache.catalina.startup.VersionLoggerListener.log Command line argument: -Djava.protocol.handler.pkgs=org.apache.catalina.webresources
02-Oct-2020 18:03:30.790 INFO [main] org.apache.catalina.startup.VersionLoggerListener.log Command line argument: -Dignore.endorsed.dirs=
02-Oct-2020 18:03:30.790 INFO [main] org.apache.catalina.startup.VersionLoggerListener.log Command line argument: -Dcatalina.base=D:\eclipse-workspace\myProject\tomcat
02-Oct-2020 18:03:30.791 INFO [main] org.apache.catalina.startup.VersionLoggerListener.log Command line argument: -Dcatalina.home=D:\eclipse-workspace\myProject\tomcat
02-Oct-2020 18:03:30.791 INFO [main] org.apache.catalina.startup.VersionLoggerListener.log Command line argument: -Djava.io.tmpdir=D:\eclipse-workspace\myProject\tomcat\temp
02-Oct-2020 18:03:30.797 INFO [main] org.apache.catalina.core.AprLifecycleListener.lifecycleEvent The Apache Tomcat Native library which allows using OpenSSL was not found on the java.library.path: [C:\Program Files\Java\jdk-10.0.2\bin;C:\WINDOWS\Sun\Java\bin;C:\WINDOWS\system32;C:\WINDOWS;C:\Program Files (x86)\Common Files\Oracle\Java\javapath;C:\ProgramData\Oracle\Java\javapath;C:\WINDOWS\system32;C:\WINDOWS;C:\WINDOWS\System32\Wbem;C:\WINDOWS\System32\WindowsPowerShell\v1.0\;C:\WINDOWS\System32\OpenSSH\;C:\Program Files (x86)\NVIDIA Corporation\PhysX\Common;C:\Program Files\Git\cmd;C:\WINDOWS\system32;C:\WINDOWS;C:\WINDOWS\System32\Wbem;C:\WINDOWS\System32\WindowsPowerShell\v1.0\;C:\WINDOWS\System32\OpenSSH\;C:\Program Files\NVIDIA Corporation\NVIDIA NvDLISR;C:\Program Files\dotnet\;C:\Program Files\MySQL\MySQL Shell 8.0\bin\;C:\Users\noahm\AppData\Local\Microsoft\WindowsApps;C:\Users\noahm\AppData\Local\GitHubDesktop\bin;.]
02-Oct-2020 18:03:31.215 INFO [main] org.apache.coyote.AbstractProtocol.init Initializing ProtocolHandler ["http-nio-8080"]
02-Oct-2020 18:03:31.343 INFO [main] org.apache.catalina.startup.Catalina.load Server initialization in [819] milliseconds
02-Oct-2020 18:03:31.412 INFO [main] org.apache.catalina.core.StandardService.startInternal Starting service [Catalina]
02-Oct-2020 18:03:31.413 INFO [main] org.apache.catalina.core.StandardEngine.startInternal Starting Servlet engine: [Apache Tomcat/9.0.38]
02-Oct-2020 18:03:31.424 INFO [main] org.apache.catalina.startup.HostConfig.deployDirectory Deploying web application directory [D:\eclipse-workspace\myProject\tomcat\webapps\docs]
02-Oct-2020 18:03:31.780 INFO [main] org.apache.catalina.startup.HostConfig.deployDirectory Deployment of web application directory [D:\eclipse-workspace\myProject\tomcat\webapps\docs] has finished in [355] ms
02-Oct-2020 18:03:31.781 INFO [main] org.apache.catalina.startup.HostConfig.deployDirectory Deploying web application directory [D:\eclipse-workspace\myProject\tomcat\webapps\examples]
02-Oct-2020 18:03:32.445 INFO [main] org.apache.catalina.startup.HostConfig.deployDirectory Deployment of web application directory [D:\eclipse-workspace\myProject\tomcat\webapps\examples] has finished in [664] ms
02-Oct-2020 18:03:32.446 INFO [main] org.apache.catalina.startup.HostConfig.deployDirectory Deploying web application directory [D:\eclipse-workspace\myProject\tomcat\webapps\hello]
02-Oct-2020 18:03:32.488 INFO [main] org.apache.catalina.startup.HostConfig.deployDirectory Deployment of web application directory [D:\eclipse-workspace\myProject\tomcat\webapps\hello] has finished in [42] ms
02-Oct-2020 18:03:32.488 INFO [main] org.apache.catalina.startup.HostConfig.deployDirectory Deploying web application directory [D:\eclipse-workspace\myProject\tomcat\webapps\host-manager]
02-Oct-2020 18:03:32.538 INFO [main] org.apache.catalina.startup.HostConfig.deployDirectory Deployment of web application directory [D:\eclipse-workspace\myProject\tomcat\webapps\host-manager] has finished in [50] ms
02-Oct-2020 18:03:32.539 INFO [main] org.apache.catalina.startup.HostConfig.deployDirectory Deploying web application directory [D:\eclipse-workspace\myProject\tomcat\webapps\manager]
02-Oct-2020 18:03:32.584 INFO [main] org.apache.catalina.startup.HostConfig.deployDirectory Deployment of web application directory [D:\eclipse-workspace\myProject\tomcat\webapps\manager] has finished in [45] ms
02-Oct-2020 18:03:32.584 INFO [main] org.apache.catalina.startup.HostConfig.deployDirectory Deploying web application directory [D:\eclipse-workspace\myProject\tomcat\webapps\ROOT]
02-Oct-2020 18:03:32.620 INFO [main] org.apache.catalina.startup.HostConfig.deployDirectory Deployment of web application directory [D:\eclipse-workspace\myProject\tomcat\webapps\ROOT] has finished in [36] ms
02-Oct-2020 18:03:32.624 INFO [main] org.apache.coyote.AbstractProtocol.start Starting ProtocolHandler ["http-nio-8080"]
02-Oct-2020 18:03:32.636 INFO [main] org.apache.catalina.startup.Catalina.start Server startup in [1292] milliseconds
02-Oct-2020 23:16:32.085 SEVERE [main] org.apache.catalina.startup.Catalina.stopServer Could not contact [localhost:8005] (base port [8005] and offset [0]). Tomcat may not be running.
